<?xml version="1.0" encoding="UTF-8"?>
<!-- Generated by org.testng.reporters.JUnitReportReporter -->
<testsuite skipped="0" hostname="DESKTOP-JVC3DQI" name="com.testcases.BuildPageTest" tests="1" failures="0" timestamp="20 Jul 2018 04:33:11 GMT" time="35.965" errors="0">
  <testcase name="Upload_Image_To_QuestionaryTest" time="35.965" classname="com.testcases.BuildPageTest"/>
</testsuite> <!-- com.testcases.BuildPageTest -->
