<?xml version="1.0" encoding="UTF-8"?>
<!-- Generated by org.testng.reporters.JUnitReportReporter -->
<testsuite skipped="0" hostname="DESKTOP-JVC3DQI" name="com.testcases.AnalysePageTest" tests="1" failures="0" timestamp="23 Jul 2018 10:30:26 GMT" time="59.265" errors="0">
  <testcase name="Upload_report_without_tags_and_view_the_publish_report_and_verify_error_msg_Test" time="59.265" classname="com.testcases.AnalysePageTest"/>
</testsuite> <!-- com.testcases.AnalysePageTest -->
