<?xml version="1.0" encoding="UTF-8"?>
<!-- Generated by org.testng.reporters.JUnitReportReporter -->
<testsuite skipped="0" hostname="DESKTOP-JVC3DQI" name="com.testcases.DashBoardPageTest" tests="1" failures="0" timestamp="06 Jul 2018 07:05:56 GMT" time="29.184" errors="0">
  <testcase name="Actions_Upcoming_To_Late_FunctionalityTest" time="29.184" classname="com.testcases.DashBoardPageTest"/>
</testsuite> <!-- com.testcases.DashBoardPageTest -->
