<?xml version="1.0" encoding="UTF-8"?>
<!-- Generated by org.testng.reporters.JUnitReportReporter -->
<testsuite skipped="0" hostname="DESKTOP-JVC3DQI" name="com.testcases.LoginPageTest" tests="1" failures="0" timestamp="11 Jul 2018 05:30:38 GMT" time="38.500" errors="0">
  <testcase name="LoginTest" time="38.500" classname="com.testcases.LoginPageTest"/>
</testsuite> <!-- com.testcases.LoginPageTest -->
