<?xml version="1.0" encoding="UTF-8"?>
<!-- Generated by org.testng.reporters.JUnitReportReporter -->
<testsuite skipped="0" hostname="DESKTOP-JVC3DQI" name="com.testcases.CapturePageTest" tests="10" failures="0" timestamp="20 Jul 2018 04:22:42 GMT" time="470.278" errors="0">
  <testcase name="Questionnaire_for_Analyse_Test" time="52.553" classname="com.testcases.CapturePageTest"/>
  <testcase name="Questionnaire_for_Analyse_Test" time="49.577" classname="com.testcases.CapturePageTest"/>
  <testcase name="Questionnaire_for_Analyse_Test" time="44.839" classname="com.testcases.CapturePageTest"/>
  <testcase name="Questionnaire_for_Analyse_Test" time="43.949" classname="com.testcases.CapturePageTest"/>
  <testcase name="Questionnaire_for_Analyse_Test" time="44.731" classname="com.testcases.CapturePageTest"/>
  <testcase name="Questionnaire_for_Analyse_Test" time="45.458" classname="com.testcases.CapturePageTest"/>
  <testcase name="Questionnaire_for_Analyse_Test" time="47.324" classname="com.testcases.CapturePageTest"/>
  <testcase name="Questionnaire_for_Analyse_Test" time="47.105" classname="com.testcases.CapturePageTest"/>
  <testcase name="Questionnaire_for_Analyse_Test" time="46.164" classname="com.testcases.CapturePageTest"/>
  <testcase name="Questionnaire_for_Analyse_Test" time="48.578" classname="com.testcases.CapturePageTest"/>
</testsuite> <!-- com.testcases.CapturePageTest -->
